<?xml version="1.0" encoding="UTF-8"?>
<testsuite name="com.springdev.ssvendas.SsvendasApplicationTests" tests="1" skipped="0" failures="0" errors="0" timestamp="2021-10-19T09:36:22" hostname="hp" time="0.443">
  <properties/>
  <testcase name="contextLoads()" classname="com.springdev.ssvendas.SsvendasApplicationTests" time="0.443"/>
  <system-out><![CDATA[10:36:16.049 [Test worker] DEBUG org.springframework.test.context.BootstrapUtils - Instantiating CacheAwareContextLoaderDelegate from class [org.springframework.test.context.cache.DefaultCacheAwareContextLoaderDelegate]
10:36:16.065 [Test worker] DEBUG org.springframework.test.context.BootstrapUtils - Instantiating BootstrapContext using constructor [public org.springframework.test.context.support.DefaultBootstrapContext(java.lang.Class,org.springframework.test.context.CacheAwareContextLoaderDelegate)]
10:36:16.170 [Test worker] DEBUG org.springframework.test.context.BootstrapUtils - Instantiating TestContextBootstrapper for test class [com.springdev.ssvendas.SsvendasApplicationTests] from class [org.springframework.boot.test.context.SpringBootTestContextBootstrapper]
10:36:16.194 [Test worker] INFO org.springframework.boot.test.context.SpringBootTestContextBootstrapper - Neither @ContextConfiguration nor @ContextHierarchy found for test class [com.springdev.ssvendas.SsvendasApplicationTests], using SpringBootContextLoader
10:36:16.203 [Test worker] DEBUG org.springframework.test.context.support.AbstractContextLoader - Did not detect default resource location for test class [com.springdev.ssvendas.SsvendasApplicationTests]: class path resource [com/springdev/ssvendas/SsvendasApplicationTests-context.xml] does not exist
10:36:16.205 [Test worker] DEBUG org.springframework.test.context.support.AbstractContextLoader - Did not detect default resource location for test class [com.springdev.ssvendas.SsvendasApplicationTests]: class path resource [com/springdev/ssvendas/SsvendasApplicationTestsContext.groovy] does not exist
10:36:16.206 [Test worker] INFO org.springframework.test.context.support.AbstractContextLoader - Could not detect default resource locations for test class [com.springdev.ssvendas.SsvendasApplicationTests]: no resource found for suffixes {-context.xml, Context.groovy}.
10:36:16.208 [Test worker] INFO org.springframework.test.context.support.AnnotationConfigContextLoaderUtils - Could not detect default configuration classes for test class [com.springdev.ssvendas.SsvendasApplicationTests]: SsvendasApplicationTests does not declare any static, non-private, non-final, nested classes annotated with @Configuration.
10:36:16.316 [Test worker] DEBUG org.springframework.test.context.support.ActiveProfilesUtils - Could not find an 'annotation declaring class' for annotation type [org.springframework.test.context.ActiveProfiles] and class [com.springdev.ssvendas.SsvendasApplicationTests]
10:36:16.406 [Test worker] DEBUG org.springframework.context.annotation.ClassPathScanningCandidateComponentProvider - Identified candidate component class: file [/home/lucas/my-courses/ws-spring-react/projecto-store/backend/build/classes/java/main/com/springdev/ssvendas/SsvendasApplication.class]
10:36:16.410 [Test worker] INFO org.springframework.boot.test.context.SpringBootTestContextBootstrapper - Found @SpringBootConfiguration com.springdev.ssvendas.SsvendasApplication for test class com.springdev.ssvendas.SsvendasApplicationTests
10:36:16.548 [Test worker] DEBUG org.springframework.boot.test.context.SpringBootTestContextBootstrapper - @TestExecutionListeners is not present for class [com.springdev.ssvendas.SsvendasApplicationTests]: using defaults.
10:36:16.549 [Test worker] INFO org.springframework.boot.test.context.SpringBootTestContextBootstrapper - Loaded default TestExecutionListener class names from location [META-INF/spring.factories]: [org.springframework.security.test.context.support.WithSecurityContextTestExecutionListener, org.springframework.security.test.context.support.ReactorContextTestExecutionListener, org.springframework.boot.test.autoconfigure.restdocs.RestDocsTestExecutionListener, org.springframework.boot.test.autoconfigure.web.client.MockRestServiceServerResetTestExecutionListener, org.springframework.boot.test.autoconfigure.web.servlet.MockMvcPrintOnlyOnFailureTestExecutionListener, org.springframework.boot.test.autoconfigure.web.servlet.WebDriverTestExecutionListener, org.springframework.boot.test.autoconfigure.webservices.client.MockWebServiceServerTestExecutionListener, org.springframework.boot.test.mock.mockito.MockitoTestExecutionListener, org.springframework.boot.test.mock.mockito.ResetMocksTestExecutionListener, org.springframework.test.context.web.ServletTestExecutionListener, org.springframework.test.context.support.DirtiesContextBeforeModesTestExecutionListener, org.springframework.test.context.event.ApplicationEventsTestExecutionListener, org.springframework.test.context.support.DependencyInjectionTestExecutionListener, org.springframework.test.context.support.DirtiesContextTestExecutionListener, org.springframework.test.context.transaction.TransactionalTestExecutionListener, org.springframework.test.context.jdbc.SqlScriptsTestExecutionListener, org.springframework.test.context.event.EventPublishingTestExecutionListener]
10:36:16.597 [Test worker] INFO org.springframework.boot.test.context.SpringBootTestContextBootstrapper - Using TestExecutionListeners: [org.springframework.test.context.web.ServletTestExecutionListener@6821ea29, org.springframework.test.context.support.DirtiesContextBeforeModesTestExecutionListener@338494fa, org.springframework.test.context.event.ApplicationEventsTestExecutionListener@505a9d7c, org.springframework.boot.test.mock.mockito.MockitoTestExecutionListener@758c83d8, org.springframework.boot.test.autoconfigure.SpringBootDependencyInjectionTestExecutionListener@129b4fe2, org.springframework.test.context.support.DirtiesContextTestExecutionListener@5af3a0f, org.springframework.test.context.transaction.TransactionalTestExecutionListener@19ae6bb, org.springframework.test.context.jdbc.SqlScriptsTestExecutionListener@10993713, org.springframework.security.test.context.support.WithSecurityContextTestExecutionListener@58359ebd, org.springframework.test.context.event.EventPublishingTestExecutionListener@24b6b8f6, org.springframework.security.test.context.support.ReactorContextTestExecutionListener@72cf2de5, org.springframework.boot.test.autoconfigure.restdocs.RestDocsTestExecutionListener@2bb7bd00, org.springframework.boot.test.autoconfigure.web.client.MockRestServiceServerResetTestExecutionListener@5f031ebd, org.springframework.boot.test.autoconfigure.web.servlet.MockMvcPrintOnlyOnFailureTestExecutionListener@4ee37ca3, org.springframework.boot.test.autoconfigure.web.servlet.WebDriverTestExecutionListener@45c8d09f, org.springframework.boot.test.autoconfigure.webservices.client.MockWebServiceServerTestExecutionListener@53812a9b, org.springframework.boot.test.mock.mockito.ResetMocksTestExecutionListener@14b030a0]
10:36:16.602 [Test worker] DEBUG org.springframework.test.context.support.AbstractDirtiesContextTestExecutionListener - Before test class: context [DefaultTestContext@662f5666 testClass = SsvendasApplicationTests, testInstance = [null], testMethod = [null], testException = [null], mergedContextConfiguration = [WebMergedContextConfiguration@fd8294b testClass = SsvendasApplicationTests, locations = '{}', classes = '{class com.springdev.ssvendas.SsvendasApplication}', contextInitializerClasses = '[]', activeProfiles = '{}', propertySourceLocations = '{}', propertySourceProperties = '{org.springframework.boot.test.context.SpringBootTestContextBootstrapper=true}', contextCustomizers = set[org.springframework.boot.test.autoconfigure.actuate.metrics.MetricsExportContextCustomizerFactory$DisableMetricExportContextCustomizer@7b8b43c7, org.springframework.boot.test.autoconfigure.properties.PropertyMappingContextCustomizer@0, org.springframework.boot.test.autoconfigure.web.servlet.WebDriverContextCustomizerFactory$Customizer@341814d3, org.springframework.boot.test.context.filter.ExcludeFilterContextCustomizer@119cbf96, org.springframework.boot.test.json.DuplicateJsonObjectContextCustomizerFactory$DuplicateJsonObjectContextCustomizer@5454d35e, org.springframework.boot.test.mock.mockito.MockitoContextCustomizer@0, org.springframework.boot.test.web.client.TestRestTemplateContextCustomizer@4b213651, org.springframework.boot.test.context.SpringBootTestArgs@1, org.springframework.boot.test.context.SpringBootTestWebEnvironment@c0c2f8d], resourceBasePath = 'src/main/webapp', contextLoader = 'org.springframework.boot.test.context.SpringBootContextLoader', parent = [null]], attributes = map['org.springframework.test.context.web.ServletTestExecutionListener.activateListener' -> true]], class annotated with @DirtiesContext [false] with mode [null].
10:36:16.659 [Test worker] DEBUG org.springframework.test.context.support.TestPropertySourceUtils - Adding inlined properties to environment: {spring.jmx.enabled=false, org.springframework.boot.test.context.SpringBootTestContextBootstrapper=true}

  .   ____          _            __ _ _
 /\\ / ___'_ __ _ _(_)_ __  __ _ \ \ \ \
( ( )\___ | '_ | '_| | '_ \/ _` | \ \ \ \
 \\/  ___)| |_)| | | | | || (_| |  ) ) ) )
  '  |____| .__|_| |_|_| |_\__, | / / / /
 =========|_|==============|___/=/_/_/_/
 :: Spring Boot ::                (v2.5.5)

2021-10-19 10:36:17.096  INFO 556151 --- [    Test worker] c.s.ssvendas.SsvendasApplicationTests    : Starting SsvendasApplicationTests using Java 16.0.1 on hp with PID 556151 (started by lucas in /home/lucas/my-courses/ws-spring-react/projecto-store/backend)
2021-10-19 10:36:17.104  INFO 556151 --- [    Test worker] c.s.ssvendas.SsvendasApplicationTests    : No active profile set, falling back to default profiles: default
2021-10-19 10:36:18.507  INFO 556151 --- [    Test worker] .s.d.r.c.RepositoryConfigurationDelegate : Bootstrapping Spring Data JPA repositories in DEFAULT mode.
2021-10-19 10:36:18.547  INFO 556151 --- [    Test worker] .s.d.r.c.RepositoryConfigurationDelegate : Finished Spring Data repository scanning in 22 ms. Found 0 JPA repository interfaces.
2021-10-19 10:36:19.417  INFO 556151 --- [    Test worker] com.zaxxer.hikari.HikariDataSource       : HikariPool-1 - Starting...
2021-10-19 10:36:19.729  INFO 556151 --- [    Test worker] com.zaxxer.hikari.HikariDataSource       : HikariPool-1 - Start completed.
2021-10-19 10:36:19.862  INFO 556151 --- [    Test worker] o.hibernate.jpa.internal.util.LogHelper  : HHH000204: Processing PersistenceUnitInfo [name: default]
2021-10-19 10:36:19.938  INFO 556151 --- [    Test worker] org.hibernate.Version                    : HHH000412: Hibernate ORM core version 5.4.32.Final
2021-10-19 10:36:20.192  INFO 556151 --- [    Test worker] o.hibernate.annotations.common.Version   : HCANN000001: Hibernate Commons Annotations {5.1.2.Final}
2021-10-19 10:36:20.409  INFO 556151 --- [    Test worker] org.hibernate.dialect.Dialect            : HHH000400: Using dialect: org.hibernate.dialect.H2Dialect
2021-10-19 10:36:20.834  INFO 556151 --- [    Test worker] o.h.e.t.j.p.i.JtaPlatformInitiator       : HHH000490: Using JtaPlatform implementation: [org.hibernate.engine.transaction.jta.platform.internal.NoJtaPlatform]
2021-10-19 10:36:20.858  INFO 556151 --- [    Test worker] j.LocalContainerEntityManagerFactoryBean : Initialized JPA EntityManagerFactory for persistence unit 'default'
2021-10-19 10:36:21.436  WARN 556151 --- [    Test worker] JpaBaseConfiguration$JpaWebConfiguration : spring.jpa.open-in-view is enabled by default. Therefore, database queries may be performed during view rendering. Explicitly configure spring.jpa.open-in-view to disable this warning
2021-10-19 10:36:22.434  INFO 556151 --- [    Test worker] .s.s.UserDetailsServiceAutoConfiguration : 

Using generated security password: ec9ebe05-2839-4cba-a4f5-b7a83f903c4f

2021-10-19 10:36:22.745  INFO 556151 --- [    Test worker] o.s.s.web.DefaultSecurityFilterChain     : Will secure any request with [org.springframework.security.web.context.request.async.WebAsyncManagerIntegrationFilter@5831989d, org.springframework.security.web.context.SecurityContextPersistenceFilter@5de335cf, org.springframework.security.web.header.HeaderWriterFilter@66dd04e2, org.springframework.security.web.csrf.CsrfFilter@4888425d, org.springframework.security.web.authentication.logout.LogoutFilter@50ac1249, org.springframework.security.web.authentication.UsernamePasswordAuthenticationFilter@2411b935, org.springframework.security.web.authentication.ui.DefaultLoginPageGeneratingFilter@65ff4b8c, org.springframework.security.web.authentication.ui.DefaultLogoutPageGeneratingFilter@608f310a, org.springframework.security.web.authentication.www.BasicAuthenticationFilter@2ace1cd3, org.springframework.security.web.savedrequest.RequestCacheAwareFilter@74eab077, org.springframework.security.web.servletapi.SecurityContextHolderAwareRequestFilter@c677d7e, org.springframework.security.web.authentication.AnonymousAuthenticationFilter@3a7d914c, org.springframework.security.web.session.SessionManagementFilter@6eded11a, org.springframework.security.web.access.ExceptionTranslationFilter@4efe014f, org.springframework.security.web.access.intercept.FilterSecurityInterceptor@6ffdbeef]
2021-10-19 10:36:22.910  INFO 556151 --- [    Test worker] c.s.ssvendas.SsvendasApplicationTests    : Started SsvendasApplicationTests in 6.238 seconds (JVM running for 8.071)
]]></system-out>
  <system-err><![CDATA[]]></system-err>
</testsuite>
